e2022-10-11 14:02:06.887  INFO 14108 --- [main] c.f.shoppingapp.ShoppingappApplication   : Starting ShoppingappApplication using Java 11.0.12 on ctsjava1570 with PID 14108 (C:\Users\cogjava2589\Downloads\shoppingapp\target\classes started by cogjava2589 in C:\Users\cogjava2589\Downloads\shoppingapp)
2022-10-11 14:02:06.892  INFO 14108 --- [main] c.f.shoppingapp.ShoppingappApplication   : No active profile set, falling back to 1 default profile: "default"
2022-10-11 14:02:07.500  INFO 14108 --- [main] .s.d.r.c.RepositoryConfigurationDelegate : Bootstrapping Spring Data MongoDB repositories in DEFAULT mode.
2022-10-11 14:02:07.570  INFO 14108 --- [main] .s.d.r.c.RepositoryConfigurationDelegate : Finished Spring Data repository scanning in 62 ms. Found 1 MongoDB repository interfaces.
2022-10-11 14:02:08.383  INFO 14108 --- [main] o.s.b.w.embedded.tomcat.TomcatWebServer  : Tomcat initialized with port(s): 8989 (http)
2022-10-11 14:02:08.399  INFO 14108 --- [main] o.apache.catalina.core.StandardService   : Starting service [Tomcat]
2022-10-11 14:02:08.399  INFO 14108 --- [main] org.apache.catalina.core.StandardEngine  : Starting Servlet engine: [Apache Tomcat/9.0.65]
2022-10-11 14:02:08.545  INFO 14108 --- [main] o.a.c.c.C.[Tomcat].[localhost].[/]       : Initializing Spring embedded WebApplicationContext
2022-10-11 14:02:08.546  INFO 14108 --- [main] w.s.c.ServletWebServerApplicationContext : Root WebApplicationContext: initialization completed in 1529 ms
2022-10-11 14:02:08.849  INFO 14108 --- [main] org.mongodb.driver.client                : MongoClient with metadata {"driver": {"name": "mongo-java-driver|sync|spring-boot", "version": "4.6.1"}, "os": {"type": "Windows", "name": "Windows 10", "architecture": "amd64", "version": "10.0"}, "platform": "Java/Oracle Corporation/11.0.12+8-LTS-237"} created with settings MongoClientSettings{readPreference=primary, writeConcern=WriteConcern{w=null, wTimeout=null ms, journal=null}, retryWrites=true, retryReads=true, readConcern=ReadConcern{level=null}, credential=null, streamFactoryFactory=null, commandListeners=[], codecRegistry=ProvidersCodecRegistry{codecProviders=[ValueCodecProvider{}, BsonValueCodecProvider{}, DBRefCodecProvider{}, DBObjectCodecProvider{}, DocumentCodecProvider{}, IterableCodecProvider{}, MapCodecProvider{}, GeoJsonCodecProvider{}, GridFSFileCodecProvider{}, Jsr310CodecProvider{}, JsonObjectCodecProvider{}, BsonCodecProvider{}, EnumCodecProvider{}, com.mongodb.Jep395RecordCodecProvider@360e9c06]}, clusterSettings={hosts=[localhost:27017], srvServiceName=mongodb, mode=SINGLE, requiredClusterType=UNKNOWN, requiredReplicaSetName='null', serverSelector='null', clusterListeners='[]', serverSelectionTimeout='30000 ms', localThreshold='30000 ms'}, socketSettings=SocketSettings{connectTimeoutMS=10000, readTimeoutMS=0, receiveBufferSize=0, sendBufferSize=0}, heartbeatSocketSettings=SocketSettings{connectTimeoutMS=10000, readTimeoutMS=10000, receiveBufferSize=0, sendBufferSize=0}, connectionPoolSettings=ConnectionPoolSettings{maxSize=100, minSize=0, maxWaitTimeMS=120000, maxConnectionLifeTimeMS=0, maxConnectionIdleTimeMS=0, maintenanceInitialDelayMS=0, maintenanceFrequencyMS=60000, connectionPoolListeners=[], maxConnecting=2}, serverSettings=ServerSettings{heartbeatFrequencyMS=10000, minHeartbeatFrequencyMS=500, serverListeners='[]', serverMonitorListeners='[]'}, sslSettings=SslSettings{enabled=false, invalidHostNameAllowed=false, context=null}, applicationName='null', compressorList=[], uuidRepresentation=JAVA_LEGACY, serverApi=null, autoEncryptionSettings=null, contextProvider=null}
2022-10-11 14:02:08.866  INFO 14108 --- [cluster-ClusterId{value='63452a083cf9e153ac9abbfc', description='null'}-localhost:27017] org.mongodb.driver.connection            : Opened connection [connectionId{localValue:1, serverValue:73}] to localhost:27017
2022-10-11 14:02:08.866  INFO 14108 --- [cluster-rtt-ClusterId{value='63452a083cf9e153ac9abbfc', description='null'}-localhost:27017] org.mongodb.driver.connection            : Opened connection [connectionId{localValue:2, serverValue:72}] to localhost:27017
2022-10-11 14:02:08.869  INFO 14108 --- [cluster-ClusterId{value='63452a083cf9e153ac9abbfc', description='null'}-localhost:27017] org.mongodb.driver.cluster               : Monitor thread successfully connected to server with description ServerDescription{address=localhost:27017, type=STANDALONE, state=CONNECTED, ok=true, minWireVersion=0, maxWireVersion=13, maxDocumentSize=16777216, logicalSessionTimeoutMinutes=30, roundTripTimeNanos=26350100}
2022-10-11 14:02:09.618  INFO 14108 --- [main] o.s.b.w.embedded.tomcat.TomcatWebServer  : Tomcat started on port(s): 8989 (http) with context path ''
2022-10-11 14:02:09.630  INFO 14108 --- [main] c.f.shoppingapp.ShoppingappApplication   : Started ShoppingappApplication in 3.391 seconds (JVM running for 3.942)
2022-10-11 14:02:29.892  INFO 14108 --- [http-nio-8989-exec-1] o.a.c.c.C.[Tomcat].[localhost].[/]       : Initializing Spring DispatcherServlet 'dispatcherServlet'
2022-10-11 14:02:29.892  INFO 14108 --- [http-nio-8989-exec-1] o.s.web.servlet.DispatcherServlet        : Initializing Servlet 'dispatcherServlet'
2022-10-11 14:02:29.894  INFO 14108 --- [http-nio-8989-exec-1] o.s.web.servlet.DispatcherServlet        : Completed initialization in 1 ms
2022-10-11 14:02:30.091  INFO 14108 --- [http-nio-8989-exec-1] org.mongodb.driver.connection            : Opened connection [connectionId{localValue:3, serverValue:74}] to localhost:27017
2022-10-11 14:02:30.153 ERROR 14108 --- [http-nio-8989-exec-1] c.f.s.service.LoginServiceImpl           : Incorrect Password
2022-10-11 14:03:36.766 ERROR 14108 --- [http-nio-8989-exec-4] c.f.s.service.LoginServiceImpl           : Incorrect Password
